[debug] [2020-06-16T16:24:18.456Z] ----------------------------------------------------------------------
[debug] [2020-06-16T16:24:18.459Z] Command:       C:\Program Files\nodejs\node.exe C:\Users\cntt\AppData\Roaming\npm\node_modules\firebase-tools\lib\bin\firebase.js init
[debug] [2020-06-16T16:24:18.460Z] CLI Version:   8.4.2
[debug] [2020-06-16T16:24:18.460Z] Platform:      win32
[debug] [2020-06-16T16:24:18.460Z] Node Version:  v12.10.0
[debug] [2020-06-16T16:24:18.461Z] Time:          Tue Jun 16 2020 23:24:18 GMT+0700 (Indochina Time)
[debug] [2020-06-16T16:24:18.461Z] ----------------------------------------------------------------------
[debug] [2020-06-16T16:24:18.461Z] 
[debug] [2020-06-16T16:24:18.474Z] > command requires scopes: ["email","openid","https://www.googleapis.com/auth/cloudplatformprojects.readonly","https://www.googleapis.com/auth/firebase","https://www.googleapis.com/auth/cloud-platform"]
[debug] [2020-06-16T16:24:18.474Z] > authorizing via signed-in user
[info] 
     ######## #### ########  ######## ########     ###     ######  ########
     ##        ##  ##     ## ##       ##     ##  ##   ##  ##       ##
     ######    ##  ########  ######   ########  #########  ######  ######
     ##        ##  ##    ##  ##       ##     ## ##     ##       ## ##
     ##       #### ##     ## ######## ########  ##     ##  ######  ########

You're about to initialize a Firebase project in this directory:

  E:\KÌ CUỐI_1933\WEB_FRONT END\MY PROJECT\Ecomerce_Admin_Angular\Admin_Page\Admin

[info] 
=== Project Setup
[info] 
[info] First, let's associate this project directory with a Firebase project.
[info] You can create multiple project aliases by running firebase use --add, 
[info] but for now we'll just set up a default project.
[info] 
